INFO: Starting
INFO: 
Calculating Descriptive Statistics, Ranking, WCGNA, and Covariance...
INFO: 	Analysis of sheet_2014...
INFO: 	Analysis of sheet_2016...
INFO: 	Analysis of sheet_OTU_abundance...
INFO: 	Analysis of sheet_2016_2014...
INFO: 	Analysis of sheet_16S_2014_OTU...
INFO: 	Analysis of sheet_16S_2016_OTU...
INFO: 	Analysis of sheet_combined_14...
INFO: 	Analysis of sheet_combined_16...
INFO: 
Calculating Correlation...
INFO: 	Analysis of sheet_2014...
INFO: 	Analysis of sheet_2016...
INFO: 	Analysis of sheet_OTU_abundance...
INFO: 	Analysis of sheet_2016_2014...
INFO: 	Analysis of sheet_16S_2014_OTU...
INFO: 	Analysis of sheet_16S_2016_OTU...
INFO: 
Calculating Combined Analysis...
INFO: 	Analysis of sheet_combined_14...
INFO: 	Analysis of sheet_combined_16...
